<?xml version="1.0" encoding="UTF-8"?>
<!-- Generated by org.testng.reporters.JUnitReportReporter -->
<testsuite hostname="DESKTOP-31KLTU6" failures="0" tests="2" name="com.mystore.testcases.TC_MyAccountPageTest" time="33.780" errors="0" timestamp="2024-06-07T00:16:02 IST" skipped="1">
  <testcase classname="com.mystore.testcases.TC_MyAccountPageTest" name="verifyLoginForRegUser" time="33.780"/>
  <system-out/>
  <testcase classname="com.mystore.testcases.TC_MyAccountPageTest" name="verifyRegistrationAndLogin">
    <skipped/>
  </testcase> <!-- verifyRegistrationAndLogin -->
  <system-out/>
</testsuite> <!-- com.mystore.testcases.TC_MyAccountPageTest -->
